#
# An unexpected error has been detected by Java Runtime Environment:
#
# java.lang.OutOfMemoryError: requested 2621440 bytes for GrET in C:\BUILD_AREA\jdk6_12\hotspot\src\share\vm\utilities\growableArray.cpp. Out of swap space?
#
#  Internal Error (allocation.inline.hpp:42), pid=1824, tid=5604
#  Error: GrET in C:\BUILD_AREA\jdk6_12\hotspot\src\share\vm\utilities\growableArray.cpp
#
# Java VM: Java HotSpot(TM) Client VM (11.2-b01 mixed mode windows-x86)
# If you would like to submit a bug report, please visit:
#   http://java.sun.com/webapps/bugreport/crash.jsp
#

---------------  T H R E A D  ---------------

Current thread (0x01ade800):  VMThread [stack: 0x00500000,0x00550000] [id=5604]

Stack: [0x00500000,0x00550000]
[error occurred during error reporting (printing stack bounds), id 0xc0000005]

VM_Operation (0x002ff47c): GenCollectForAllocation, mode: safepoint, requested by thread 0x0056e000


---------------  P R O C E S S  ---------------

Java Threads: ( => current thread )
  0x0464b800 JavaThread "Java2D Disposer" daemon [_thread_blocked, id=5052, stack(0x04ec0000,0x04f10000)]
  0x043d9400 JavaThread "com.google.gwt.thirdparty.guava.common.base.internal.Finalizer" daemon [_thread_blocked, id=6012, stack(0x04550000,0x045a0000)]
  0x01b0bc00 JavaThread "Low Memory Detector" daemon [_thread_blocked, id=4724, stack(0x03eb0000,0x03f00000)]
  0x01b0a800 JavaThread "CompilerThread0" daemon [_thread_blocked, id=3836, stack(0x03e60000,0x03eb0000)]
  0x01b06400 JavaThread "Attach Listener" daemon [_thread_blocked, id=5004, stack(0x03e10000,0x03e60000)]
  0x01afb800 JavaThread "Signal Dispatcher" daemon [_thread_blocked, id=5976, stack(0x03dc0000,0x03e10000)]
  0x01ae6400 JavaThread "Finalizer" daemon [_thread_blocked, id=4984, stack(0x03d70000,0x03dc0000)]
  0x01ae1c00 JavaThread "Reference Handler" daemon [_thread_blocked, id=5568, stack(0x00570000,0x005c0000)]
  0x0056e000 JavaThread "main" [_thread_blocked, id=5392, stack(0x002b0000,0x00300000)]

Other Threads:
=>0x01ade800 VMThread [stack: 0x00500000,0x00550000] [id=5604]
  0x01b14800 WatcherThread [stack: 0x03f00000,0x03f50000] [id=4992]

VM state:at safepoint (normal execution)

VM Mutex/Monitor currently owned by a thread:  ([mutex/lock_event])
[0x0056c310] UNKNOWN - owner thread: 0x01ade800
[0x0056c770] UNKNOWN - owner thread: 0x0056e000

Heap
 def new generation   total 4032K, used 384K [0x07ac0000, 0x07f10000, 0x0a220000)
  eden space 3648K,   0% used [0x07ac0000, 0x07ac0000, 0x07e50000)
  from space 384K, 100% used [0x07e50000, 0x07eb0000, 0x07eb0000)
  to   space 384K,   0% used [0x07eb0000, 0x07eb0000, 0x07f10000)
 tenured generation   total 52768K, used 52734K [0x0a220000, 0x0d5a8000, 0x27ac0000)
   the space 52768K,  99% used [0x0a220000, 0x0d59f9c0, 0x0d59fa00, 0x0d5a8000)
 compacting perm gen  total 12288K, used 10157K [0x27ac0000, 0x286c0000, 0x2bac0000)
   the space 12288K,  82% used [0x27ac0000, 0x284ab520, 0x284ab600, 0x286c0000)
No shared spaces configured.

Dynamic libraries:
0x00400000 - 0x00424000 	C:\Program Files\Java\jdk1.6.0_12\jre\bin\java.exe
0x77830000 - 0x7796d000 	C:\Windows\SYSTEM32\ntdll.dll
0x76040000 - 0x76114000 	C:\Windows\system32\kernel32.dll
0x75a20000 - 0x75a6a000 	C:\Windows\system32\KERNELBASE.dll
0x75ca0000 - 0x75d40000 	C:\Windows\system32\ADVAPI32.dll
0x776f0000 - 0x7779c000 	C:\Windows\system32\msvcrt.dll
0x76230000 - 0x76249000 	C:\Windows\SYSTEM32\sechost.dll
0x779b0000 - 0x77a51000 	C:\Windows\system32\RPCRT4.dll
0x7c340000 - 0x7c396000 	C:\Program Files\Java\jdk1.6.0_12\jre\bin\msvcr71.dll
0x6d8b0000 - 0x6db06000 	C:\Program Files\Java\jdk1.6.0_12\jre\bin\client\jvm.dll
0x75e50000 - 0x75f19000 	C:\Windows\system32\USER32.dll
0x76950000 - 0x7699e000 	C:\Windows\system32\GDI32.dll
0x75f20000 - 0x75f2a000 	C:\Windows\system32\LPK.dll
0x75f30000 - 0x75fcd000 	C:\Windows\system32\USP10.dll
0x73c20000 - 0x73c52000 	C:\Windows\system32\WINMM.dll
0x76020000 - 0x7603f000 	C:\Windows\system32\IMM32.DLL
0x76160000 - 0x7622c000 	C:\Windows\system32\MSCTF.dll
0x758b0000 - 0x758fb000 	C:\Windows\system32\apphelp.dll
0x6d340000 - 0x6d348000 	C:\Program Files\Java\jdk1.6.0_12\jre\bin\hpi.dll
0x75c90000 - 0x75c95000 	C:\Windows\system32\PSAPI.DLL
0x6d860000 - 0x6d86c000 	C:\Program Files\Java\jdk1.6.0_12\jre\bin\verify.dll
0x6d3e0000 - 0x6d3ff000 	C:\Program Files\Java\jdk1.6.0_12\jre\bin\java.dll
0x6d8a0000 - 0x6d8af000 	C:\Program Files\Java\jdk1.6.0_12\jre\bin\zip.dll
0x75400000 - 0x75416000 	C:\Windows\system32\CRYPTSP.dll
0x751a0000 - 0x751db000 	C:\Windows\system32\rsaenh.dll
0x74fe0000 - 0x74ff7000 	C:\Windows\system32\USERENV.dll
0x75980000 - 0x7598b000 	C:\Windows\system32\profapi.dll
0x75900000 - 0x7590c000 	C:\Windows\system32\CRYPTBASE.dll
0x6d6c0000 - 0x6d6d3000 	C:\Program Files\Java\jdk1.6.0_12\jre\bin\net.dll
0x76120000 - 0x76155000 	C:\Windows\system32\WS2_32.dll
0x77970000 - 0x77976000 	C:\Windows\system32\NSI.dll
0x753c0000 - 0x753fc000 	C:\Windows\system32\mswsock.dll
0x753b0000 - 0x753b6000 	C:\Windows\System32\wship6.dll
0x740f0000 - 0x74100000 	C:\Windows\system32\NLAapi.dll
0x75280000 - 0x752c4000 	C:\Windows\system32\DNSAPI.dll
0x70bd0000 - 0x70bd8000 	C:\Windows\System32\winrnr.dll
0x702c0000 - 0x702d0000 	C:\Windows\system32\napinsp.dll
0x702a0000 - 0x702b2000 	C:\Windows\system32\pnrpnsp.dll
0x70290000 - 0x7029d000 	C:\Windows\system32\wshbth.dll
0x74f10000 - 0x74f15000 	C:\Windows\System32\wshtcpip.dll
0x73c00000 - 0x73c1c000 	C:\Windows\system32\IPHLPAPI.DLL
0x73bf0000 - 0x73bf7000 	C:\Windows\system32\WINNSI.DLL
0x70280000 - 0x70286000 	C:\Windows\system32\rasadhlp.dll
0x73b00000 - 0x73b38000 	C:\Windows\System32\fwpuclnt.dll
0x6d610000 - 0x6d619000 	C:\Program Files\Java\jdk1.6.0_12\jre\bin\management.dll
0x6d0b0000 - 0x6d1fa000 	C:\Program Files\Java\jdk1.6.0_12\jre\bin\awt.dll
0x6ee50000 - 0x6eea1000 	C:\Windows\system32\WINSPOOL.DRV
0x76450000 - 0x765ac000 	C:\Windows\system32\ole32.dll
0x74890000 - 0x74a2e000 	C:\Windows\WinSxS\x86_microsoft.windows.common-controls_6595b64144ccf1df_6.0.7600.16661_none_420fe3fa2b8113bd\comctl32.dll
0x76610000 - 0x76667000 	C:\Windows\system32\SHLWAPI.dll
0x73f00000 - 0x73f13000 	C:\Windows\system32\DWMAPI.DLL
0x744b0000 - 0x744f0000 	C:\Windows\system32\uxtheme.dll
0x6d2e0000 - 0x6d334000 	C:\Program Files\Java\jdk1.6.0_12\jre\bin\fontmanager.dll

VM Arguments:
jvm_args: -Xmx512m 
java_command: com.google.gwt.dev.Compiler -gen D:\cweb_desenvolvimento\trunk\cweb\cweb-view\target\.generated -logLevel INFO -style OBF -war D:\cweb_desenvolvimento\trunk\cweb\cweb-view\target\cweb-view-1.0-SNAPSHOT -localWorkers 2 br.com.cweb.view.desktop.CwebViewDesktop
Launcher Type: SUN_STANDARD

Environment Variables:
JAVA_HOME=C:\Program Files\Java\jdk1.6.0_12
PATH=C:\oraclexe\app\oracle\product\10.2.0\server\bin;C:\Windows\system32;C:\Windows;C:\Windows\System32\Wbem;C:\Windows\System32\WindowsPowerShell\v1.0\;C:\Program Files\Java\jdk1.6.0_12;C:\Oracle\Middleware\wlserver_10.3;C:\Oracle\Middleware;C:\apache-maven-3.0.3\bin;C:\Program Files\Calibre2\;C:\Program Files\TortoiseSVN\bin;C:\Program Files\Java\jdk1.6.0_12\bin;C:\Program Files\Subversion\bin;C:\Program Files\Microsoft SQL Server\100\Tools\Binn\;C:\Program Files\Microsoft SQL Server\100\DTS\Binn\;C:\Program Files\SSH Communications Security\SSH Secure Shell
USERNAME=sebastiao
OS=Windows_NT
PROCESSOR_IDENTIFIER=x86 Family 6 Model 23 Stepping 10, GenuineIntel



---------------  S Y S T E M  ---------------

OS: Windows NT 6.1 Build 7600 

CPU:total 2 (2 cores per cpu, 1 threads per core) family 6 model 7 stepping 10, cmov, cx8, fxsr, mmx, sse, sse2, sse3, ssse3

Memory: 4k page, physical 2097151k(650116k free), swap 4194303k(23932k free)

vm_info: Java HotSpot(TM) Client VM (11.2-b01) for windows-x86 JRE (1.6.0_12-b04), built on Jan 17 2009 09:57:14 by "java_re" with MS VC++ 7.1

time: Wed Nov 23 02:59:48 2011
elapsed time: 5 seconds

